<?xml version="1.0" encoding="UTF-8"?>
<!-- Generated by org.testng.reporters.JUnitReportReporter -->
<testsuite hostname="srinivass-mbp.lan" failures="0" tests="10" name="UILearnings.projects.ParabankRegistrationTest" time="43.204" errors="0" timestamp="2025-06-30T15:36:58 PDT" skipped="0">
  <testcase classname="UILearnings.projects.ParabankRegistrationTest" name="testRegistration" time="4.613"/>
  <testcase classname="UILearnings.projects.ParabankRegistrationTest" name="testRegistration" time="4.066"/>
  <testcase classname="UILearnings.projects.ParabankRegistrationTest" name="testRegistration" time="3.779"/>
  <testcase classname="UILearnings.projects.ParabankRegistrationTest" name="testRegistration" time="4.312"/>
  <testcase classname="UILearnings.projects.ParabankRegistrationTest" name="testRegistration" time="5.862"/>
  <testcase classname="UILearnings.projects.ParabankRegistrationTest" name="testRegistration" time="4.281"/>
  <testcase classname="UILearnings.projects.ParabankRegistrationTest" name="testRegistration" time="4.569"/>
  <testcase classname="UILearnings.projects.ParabankRegistrationTest" name="testRegistration" time="4.372"/>
  <testcase classname="UILearnings.projects.ParabankRegistrationTest" name="testRegistration" time="3.586"/>
  <testcase classname="UILearnings.projects.ParabankRegistrationTest" name="testRegistration" time="3.764"/>
</testsuite> <!-- UILearnings.projects.ParabankRegistrationTest -->
