<?xml version="1.0" encoding="UTF-8"?>
<!-- Generated by org.testng.reporters.JUnitReportReporter -->
<testsuite hostname="srinivass-mbp.lan" failures="0" tests="10" name="UILearnings.projects.ParabankRegistrationCheck" time="63.173" errors="0" timestamp="2025-06-30T12:53:18 PDT" skipped="0">
  <testcase classname="UILearnings.projects.ParabankRegistrationCheck" name="testRegistration" time="6.304"/>
  <testcase classname="UILearnings.projects.ParabankRegistrationCheck" name="testRegistration" time="6.610"/>
  <testcase classname="UILearnings.projects.ParabankRegistrationCheck" name="testRegistration" time="6.891"/>
  <testcase classname="UILearnings.projects.ParabankRegistrationCheck" name="testRegistration" time="7.731"/>
  <testcase classname="UILearnings.projects.ParabankRegistrationCheck" name="testRegistration" time="5.176"/>
  <testcase classname="UILearnings.projects.ParabankRegistrationCheck" name="testRegistration" time="5.182"/>
  <testcase classname="UILearnings.projects.ParabankRegistrationCheck" name="testRegistration" time="6.976"/>
  <testcase classname="UILearnings.projects.ParabankRegistrationCheck" name="testRegistration" time="5.802"/>
  <testcase classname="UILearnings.projects.ParabankRegistrationCheck" name="testRegistration" time="7.345"/>
  <testcase classname="UILearnings.projects.ParabankRegistrationCheck" name="testRegistration" time="5.156"/>
</testsuite> <!-- UILearnings.projects.ParabankRegistrationCheck -->
